<?xml version="1.0" encoding="UTF-8"?>
<!-- Generated by org.testng.reporters.JUnitXMLReporter -->
<testsuite ignored="3" hostname="DESKTOP-JVBFKIC" failures="0" tests="1" name="Default test" time="7.012" errors="0" timestamp="2024-07-23T12:08:55 IST">
  <testcase classname="api.test.UserTests" name="testPostUser" time="5.413"/>
  <testcase classname="api.test.UserTests" name="testDeleteUser" time="0.0">
    <ignored/>
  </testcase> <!-- testDeleteUser -->
  <testcase classname="api.test.UserTests" name="testGetUser" time="0.0">
    <ignored/>
  </testcase> <!-- testGetUser -->
  <testcase classname="api.test.UserTests" name="testUpdateUser" time="0.0">
    <ignored/>
  </testcase> <!-- testUpdateUser -->
</testsuite> <!-- Default test -->
