<?xml version="1.0" encoding="UTF-8"?>
<!-- Generated by org.testng.reporters.JUnitXMLReporter -->
<testsuite ignored="0" hostname="DESKTOP-JVBFKIC" failures="0" tests="4" name="Default test" time="14.587" errors="0" timestamp="2024-07-24T11:31:01 IST">
  <testcase classname="api.test.UserTests" name="testPostUser" time="6.819"/>
  <testcase classname="api.test.UserTests" name="testGetUser" time="1.562"/>
  <testcase classname="api.test.UserTests" name="testUpdateUser" time="2.757"/>
  <testcase classname="api.test.UserTests" name="testDeleteUser" time="1.43"/>
</testsuite> <!-- Default test -->
