<?xml version="1.0" encoding="UTF-8"?>
<!-- Generated by org.testng.reporters.JUnitXMLReporter -->
<testsuite ignored="0" hostname="DESKTOP-JVBFKIC" failures="0" tests="4" name="Test" time="12.902" errors="0" timestamp="2024-07-24T16:35:25 IST">
  <testcase classname="api.test.UserTests" name="testPostUser" time="5.239"/>
  <testcase classname="api.test.UserTests" name="testGetUser" time="1.396"/>
  <testcase classname="api.test.UserTests" name="testUpdateUser" time="2.739"/>
  <testcase classname="api.test.UserTests" name="testDeleteUser" time="1.339"/>
</testsuite> <!-- Test -->
