<?xml version="1.0" encoding="UTF-8"?>
<testng-results ignored="0" total="4" passed="4" failed="0" skipped="0">
  <reporter-output>
  </reporter-output>
  <suite started-at="2024-07-24T16:35:11 IST" name="Suite" finished-at="2024-07-24T16:35:24 IST" duration-ms="12902">
    <groups>
    </groups>
    <test started-at="2024-07-24T16:35:11 IST" name="Test" finished-at="2024-07-24T16:35:24 IST" duration-ms="12902">
      <class name="api.test.UserTests">
        <test-method is-config="true" signature="setup()[pri:0, instance:api.test.UserTests@c8c12ac]" started-at="2024-07-24T16:35:12 IST" name="setup" finished-at="2024-07-24T16:35:13 IST" duration-ms="1642" status="PASS">
          <reporter-output>
          </reporter-output>
        </test-method> <!-- setup -->
        <test-method signature="testPostUser()[pri:1, instance:api.test.UserTests@c8c12ac]" started-at="2024-07-24T16:35:13 IST" name="testPostUser" finished-at="2024-07-24T16:35:19 IST" duration-ms="5239" status="PASS">
          <reporter-output>
          </reporter-output>
        </test-method> <!-- testPostUser -->
        <test-method signature="testGetUser()[pri:2, instance:api.test.UserTests@c8c12ac]" started-at="2024-07-24T16:35:19 IST" name="testGetUser" finished-at="2024-07-24T16:35:20 IST" duration-ms="1396" status="PASS">
          <reporter-output>
          </reporter-output>
        </test-method> <!-- testGetUser -->
        <test-method signature="testUpdateUser()[pri:3, instance:api.test.UserTests@c8c12ac]" started-at="2024-07-24T16:35:20 IST" name="testUpdateUser" finished-at="2024-07-24T16:35:23 IST" duration-ms="2739" status="PASS">
          <reporter-output>
          </reporter-output>
        </test-method> <!-- testUpdateUser -->
        <test-method signature="testDeleteUser()[pri:4, instance:api.test.UserTests@c8c12ac]" started-at="2024-07-24T16:35:23 IST" name="testDeleteUser" finished-at="2024-07-24T16:35:24 IST" duration-ms="1339" status="PASS">
          <reporter-output>
          </reporter-output>
        </test-method> <!-- testDeleteUser -->
      </class> <!-- api.test.UserTests -->
    </test> <!-- Test -->
  </suite> <!-- Suite -->
</testng-results>
