<?xml version="1.0" encoding="UTF-8"?>
<testng-results ignored="0" total="4" passed="4" failed="0" skipped="0">
  <reporter-output>
  </reporter-output>
  <suite started-at="2024-07-23T12:11:35 IST" name="petstoreSuite" finished-at="2024-07-23T12:11:49 IST" duration-ms="13931">
    <groups>
    </groups>
    <test started-at="2024-07-23T12:11:35 IST" name="petstoreTest" finished-at="2024-07-23T12:11:49 IST" duration-ms="13931">
      <class name="api.test.UserTests">
        <test-method is-config="true" signature="setup()[pri:0, instance:api.test.UserTests@77f1baf5]" started-at="2024-07-23T12:11:36 IST" name="setup" finished-at="2024-07-23T12:11:38 IST" duration-ms="2150" status="PASS">
          <reporter-output>
          </reporter-output>
        </test-method> <!-- setup -->
        <test-method signature="testPostUser()[pri:1, instance:api.test.UserTests@77f1baf5]" started-at="2024-07-23T12:11:38 IST" name="testPostUser" finished-at="2024-07-23T12:11:44 IST" duration-ms="5653" status="PASS">
          <reporter-output>
          </reporter-output>
        </test-method> <!-- testPostUser -->
        <test-method signature="testGetUser()[pri:2, instance:api.test.UserTests@77f1baf5]" started-at="2024-07-23T12:11:44 IST" name="testGetUser" finished-at="2024-07-23T12:11:45 IST" duration-ms="1416" status="PASS">
          <reporter-output>
          </reporter-output>
        </test-method> <!-- testGetUser -->
        <test-method signature="testUpdateUser()[pri:3, instance:api.test.UserTests@77f1baf5]" started-at="2024-07-23T12:11:45 IST" name="testUpdateUser" finished-at="2024-07-23T12:11:48 IST" duration-ms="2656" status="PASS">
          <reporter-output>
          </reporter-output>
        </test-method> <!-- testUpdateUser -->
        <test-method signature="testDeleteUser()[pri:4, instance:api.test.UserTests@77f1baf5]" started-at="2024-07-23T12:11:48 IST" name="testDeleteUser" finished-at="2024-07-23T12:11:49 IST" duration-ms="1349" status="PASS">
          <reporter-output>
          </reporter-output>
        </test-method> <!-- testDeleteUser -->
      </class> <!-- api.test.UserTests -->
    </test> <!-- petstoreTest -->
  </suite> <!-- petstoreSuite -->
</testng-results>
