<?xml version="1.0" encoding="UTF-8"?>
<testng-results ignored="0" total="4" passed="4" failed="0" skipped="0">
  <reporter-output>
  </reporter-output>
  <suite started-at="2024-07-24T11:30:47 IST" name="Default suite" finished-at="2024-07-24T11:31:01 IST" duration-ms="14587">
    <groups>
    </groups>
    <test started-at="2024-07-24T11:30:47 IST" name="Default test" finished-at="2024-07-24T11:31:01 IST" duration-ms="14587">
      <class name="api.test.UserTests">
        <test-method is-config="true" signature="setup()[pri:0, instance:api.test.UserTests@7d20d0b]" started-at="2024-07-24T11:30:47 IST" name="setup" finished-at="2024-07-24T11:30:48 IST" duration-ms="1876" status="PASS">
          <reporter-output>
          </reporter-output>
        </test-method> <!-- setup -->
        <test-method signature="testPostUser()[pri:1, instance:api.test.UserTests@7d20d0b]" started-at="2024-07-24T11:30:49 IST" name="testPostUser" finished-at="2024-07-24T11:30:55 IST" duration-ms="6819" status="PASS">
          <reporter-output>
          </reporter-output>
        </test-method> <!-- testPostUser -->
        <test-method signature="testGetUser()[pri:2, instance:api.test.UserTests@7d20d0b]" started-at="2024-07-24T11:30:55 IST" name="testGetUser" finished-at="2024-07-24T11:30:57 IST" duration-ms="1562" status="PASS">
          <reporter-output>
          </reporter-output>
        </test-method> <!-- testGetUser -->
        <test-method signature="testUpdateUser()[pri:3, instance:api.test.UserTests@7d20d0b]" started-at="2024-07-24T11:30:57 IST" name="testUpdateUser" finished-at="2024-07-24T11:31:00 IST" duration-ms="2757" status="PASS">
          <reporter-output>
          </reporter-output>
        </test-method> <!-- testUpdateUser -->
        <test-method signature="testDeleteUser()[pri:4, instance:api.test.UserTests@7d20d0b]" started-at="2024-07-24T11:31:00 IST" name="testDeleteUser" finished-at="2024-07-24T11:31:01 IST" duration-ms="1430" status="PASS">
          <reporter-output>
          </reporter-output>
        </test-method> <!-- testDeleteUser -->
      </class> <!-- api.test.UserTests -->
    </test> <!-- Default test -->
  </suite> <!-- Default suite -->
</testng-results>
