<?xml version="1.0" encoding="UTF-8"?>
<!-- Generated by org.testng.reporters.JUnitXMLReporter -->
<testsuite ignored="0" hostname="DESKTOP-JVBFKIC" failures="0" tests="4" name="petstoreTest" time="13.931" errors="0" timestamp="2024-07-23T12:11:50 IST">
  <testcase classname="api.test.UserTests" name="testPostUser" time="5.653"/>
  <testcase classname="api.test.UserTests" name="testGetUser" time="1.416"/>
  <testcase classname="api.test.UserTests" name="testUpdateUser" time="2.656"/>
  <testcase classname="api.test.UserTests" name="testDeleteUser" time="1.349"/>
</testsuite> <!-- petstoreTest -->
